[debug] [2022-02-21T14:09:54.931Z] ----------------------------------------------------------------------
[debug] [2022-02-21T14:09:54.933Z] Command:       C:\Program Files\nodejs\node.exe C:\Users\bg3rg\AppData\Roaming\npm\node_modules\firebase-tools\lib\bin\firebase.js init
[debug] [2022-02-21T14:09:54.933Z] CLI Version:   10.2.1
[debug] [2022-02-21T14:09:54.934Z] Platform:      win32
[debug] [2022-02-21T14:09:54.934Z] Node Version:  v16.13.2
[debug] [2022-02-21T14:09:54.935Z] Time:          Mon Feb 21 2022 16:09:54 GMT+0200 (Eastern European Standard Time)
[debug] [2022-02-21T14:09:54.935Z] ----------------------------------------------------------------------
[debug] 
[debug] [2022-02-21T14:09:54.994Z] > command requires scopes: ["email","openid","https://www.googleapis.com/auth/cloudplatformprojects.readonly","https://www.googleapis.com/auth/firebase","https://www.googleapis.com/auth/cloud-platform"]
[debug] [2022-02-21T14:09:54.994Z] > authorizing via signed-in user (antoaneta.yurieva@gmail.com)
[info] 
     ######## #### ########  ######## ########     ###     ######  ########
     ##        ##  ##     ## ##       ##     ##  ##   ##  ##       ##
     ######    ##  ########  ######   ########  #########  ######  ######
     ##        ##  ##    ##  ##       ##     ## ##     ##       ## ##
     ##       #### ##     ## ######## ########  ##     ##  ######  ########

You're about to initialize a Firebase project in this directory:

  D:\Ani\Petya&Dido\onlyHTML

Before we get started, keep in mind:

  * You are initializing within an existing Firebase project directory

[info] 
=== Project Setup
[info] 
[info] First, let's associate this project directory with a Firebase project.
[info] You can create multiple project aliases by running firebase use --add, 
[info] but for now we'll just set up a default project.
[info] 
[debug] [2022-02-21T14:10:12.880Z] Using project from CLI flag: veleviwedding
[debug] [2022-02-21T14:10:12.883Z] > refreshing access token with scopes: []
[debug] [2022-02-21T14:10:12.884Z] >>> HTTP REQUEST POST https://www.googleapis.com/oauth2/v3/token  
 <request body omitted>
[debug] [2022-02-21T14:10:13.251Z] <<< HTTP RESPONSE 200 {"cache-control":"no-cache, no-store, max-age=0, must-revalidate","date":"Mon, 21 Feb 2022 14:10:12 GMT","expires":"Mon, 01 Jan 1990 00:00:00 GMT","pragma":"no-cache","content-type":"application/json; charset=utf-8","vary":"X-Origin, Referer, Origin,Accept-Encoding","server":"scaffolding on HTTPServer2","x-xss-protection":"0","x-frame-options":"SAMEORIGIN","x-content-type-options":"nosniff","alt-svc":"h3=\":443\"; ma=2592000,h3-29=\":443\"; ma=2592000,h3-Q050=\":443\"; ma=2592000,h3-Q046=\":443\"; ma=2592000,h3-Q043=\":443\"; ma=2592000,quic=\":443\"; ma=2592000; v=\"46,43\"","accept-ranges":"none","transfer-encoding":"chunked"}
[debug] [2022-02-21T14:10:13.284Z] >>> [apiv2][query] GET https://firebase.googleapis.com/v1beta1/projects/veleviwedding [none]
[debug] [2022-02-21T14:10:13.872Z] <<< [apiv2][status] GET https://firebase.googleapis.com/v1beta1/projects/veleviwedding 200
[debug] [2022-02-21T14:10:13.872Z] <<< [apiv2][body] GET https://firebase.googleapis.com/v1beta1/projects/veleviwedding {"projectId":"veleviwedding","projectNumber":"1036034980703","displayName":"VeleviWedding","name":"projects/veleviwedding","resources":{"hostingSite":"veleviwedding"},"state":"ACTIVE"}
[info] i  Using project veleviwedding (VeleviWedding) 
[info] 
=== Hosting Setup
[info] 
[info] Your public directory is the folder (relative to your project directory) that
[info] will contain Hosting assets to be uploaded with firebase deploy. If you
[info] have a build process for your assets, use your build's output directory.
[info] 
